<?xml version="1.0" encoding="UTF-8"?>
<!-- Generated by org.testng.reporters.JUnitReportReporter -->
<testsuite skipped="0" hostname="LAPTOP-E48591KV" name="TestEndpoints.TestEndpoints" tests="4" failures="0" timestamp="2023-02-10T20:15:14 IST" time="8.295" errors="0">
  <testcase name="testPostUser" time="3.302" classname="TestEndpoints.TestEndpoints"/>
  <system-out/>
  <testcase name="testGetUserByName" time="1.236" classname="TestEndpoints.TestEndpoints"/>
  <system-out/>
  <testcase name="testUpdateUserByName" time="2.597" classname="TestEndpoints.TestEndpoints"/>
  <system-out/>
  <testcase name="testDeleteUserByName" time="1.160" classname="TestEndpoints.TestEndpoints"/>
  <system-out/>
</testsuite> <!-- TestEndpoints.TestEndpoints -->
